Log started at 04/13/2026 15:21:36 (2026-04-13T13:21:36Z)
Resolved project argument F:/RiderProjectsUnreal/SPM-2026/SPM-2026-whitebox/MyProject/MyProject.uproject to F:\RiderProjectsUnreal\SPM-2026\SPM-2026-whitebox\MyProject\MyProject.uproject
No config file at C:\ProgramData\Unreal Engine\UnrealBuildTool\BuildConfiguration.xml
No config file at C:\Users\emilb\AppData\Local\Unreal Engine\UnrealBuildTool\BuildConfiguration.xml
No config file at C:\Users\emilb\OneDrive\Documents\Unreal Engine\UnrealBuildTool\BuildConfiguration.xml
Configuration will be read from:
  C:\Users\emilb\AppData\Roaming\Unreal Engine\UnrealBuildTool\BuildConfiguration.xml
Reading configuration file from cache (F:\RiderProjectsUnreal\SPM-2026\SPM-2026-whitebox\MyProject\Intermediate\Build\XmlConfigCache.bin): C:\Users\emilb\AppData\Roaming\Unreal Engine\UnrealBuildTool\BuildConfiguration.xml
Reading configuration file from cache (F:\RiderProjectsUnreal\SPM-2026\SPM-2026-whitebox\MyProject\Intermediate\Build\XmlConfigCache.bin): F:\RiderProjectsUnreal\SPM-2026\SPM-2026-whitebox\MyProject\Saved\UnrealBuildTool\BuildConfiguration.xml
Reading configuration file from cache (F:\RiderProjectsUnreal\SPM-2026\SPM-2026-whitebox\MyProject\Intermediate\Build\XmlConfigCache.bin): C:\Users\emilb\AppData\Local\UnrealEngine\Intermediate\Build\UnrealBuildTool.Env.BuildConfiguration.xml
Log file: F:\RiderProjectsUnreal\SPM-2026\SPM-2026-whitebox\MyProject\Saved\Logs\UnrealVersionSelector-2026.04.13-15.21.36.log

Setting temp directory to 'C:\Users\emilb\AppData\Local\Temp\UnrealBuildTool\87a9611e'
    Registering build platform: UnrealBuildTool.AndroidPlatformFactory
    Registering build platform: UnrealBuildTool.IOSPlatformFactory
    Registering build platform: UnrealBuildTool.LinuxPlatformFactory
    Registering build platform: UnrealBuildTool.MacPlatformFactory
    Registering build platform: UnrealBuildTool.TVOSPlatformFactory
    Registering build platform: UnrealBuildTool.WindowsPlatformFactory
Found Windows 10 SDK root at C:\Program Files\Windows Kits\10 (1)
Found Windows 10 SDK root at C:\Program Files (x86)\Windows Kits\10 (2)
Found Windows 10 SDK version 10.0.26100.0 at C:\Program Files (x86)\Windows Kits\10
Found Universal CRT version 10.0.26100.0 at C:\Program Files (x86)\Windows Kits\10
Win64 Installed SDK(s): MinVersion_Sdk=10.0.19041.0, MaxVersion_Sdk=10.9.99999.0, CurrentVersion_Sdk=10.0.26100.0, Version_AutoSdk=10.0.22621.0, CurrentVersion_AutoSdk=
        Registering build platform: Win64 - buildable: True
    Registering build platform: UnrealBuildTool.VisionOSPlatformFactory
Resolved project argument F:/RiderProjectsUnreal/SPM-2026/SPM-2026-whitebox/MyProject/MyProject.uproject to F:\RiderProjectsUnreal\SPM-2026\SPM-2026-whitebox\MyProject\MyProject.uproject
Reading configuration file from cache (F:\RiderProjectsUnreal\SPM-2026\SPM-2026-whitebox\MyProject\Intermediate\Build\XmlConfigCache.bin): C:\Users\emilb\AppData\Roaming\Unreal Engine\UnrealBuildTool\BuildConfiguration.xml
Reading configuration file from cache (F:\RiderProjectsUnreal\SPM-2026\SPM-2026-whitebox\MyProject\Intermediate\Build\XmlConfigCache.bin): F:\RiderProjectsUnreal\SPM-2026\SPM-2026-whitebox\MyProject\Saved\UnrealBuildTool\BuildConfiguration.xml
Reading configuration file from cache (F:\RiderProjectsUnreal\SPM-2026\SPM-2026-whitebox\MyProject\Intermediate\Build\XmlConfigCache.bin): C:\Users\emilb\AppData\Local\UnrealEngine\Intermediate\Build\UnrealBuildTool.Env.BuildConfiguration.xml
Registering project generator UnrealBuildTool.AndroidProjectGenerator for Android
Skipping project file generator registration for Android due to no valid BuildPlatform.
Registering project generator UnrealBuildTool.IOSProjectGenerator for IOS
Skipping project file generator registration for IOS due to no valid BuildPlatform.
Registering project generator UnrealBuildTool.LinuxProjectGenerator for Linux
Skipping project file generator registration for Linux due to no valid BuildPlatform.
Registering project generator UnrealBuildTool.LinuxProjectGenerator for LinuxArm64
Skipping project file generator registration for LinuxArm64 due to no valid BuildPlatform.
Registering project generator UnrealBuildTool.MacProjectGenerator for Mac
Skipping project file generator registration for Mac due to no valid BuildPlatform.
Registering project generator UnrealBuildTool.TVOSProjectGenerator for TVOS
Skipping project file generator registration for TVOS due to no valid BuildPlatform.
Registering project generator UnrealBuildTool.WindowsProjectGenerator for Win64
Registering project generator UnrealBuildTool.VisionOSProjectGenerator for VisionOS
Skipping project file generator registration for VisionOS due to no valid BuildPlatform.

---   SDK INFO START   ---
---   SDK INFO END   ---


Generating VisualStudio project files:
Discovering modules, targets and source code for project...
Found VisualStudio2022 installation: C:\Program Files\Microsoft Visual Studio\2022\Community (Product=Microsoft.VisualStudio.Product.Community, Version=17.11.35303.130)
Found VisualStudio2022 installation: C:\Program Files (x86)\Microsoft Visual Studio\2022\BuildTools (Product=Microsoft.VisualStudio.Product.BuildTools, Version=17.14.36705.20)
Found Visual Studio toolchain: C:\Program Files (x86)\Microsoft Visual Studio\2022\BuildTools\VC\Tools\MSVC\14.44.35207 (Family=14.44.35207, FamilyRank=0, Version=14.44.35220, HostArchitecture=x64, ReleaseChannel=Latest, Architecture=x64, Error=False, Redist=C:\Program Files (x86)\Microsoft Visual Studio\2022\BuildTools\VC\Redist\MSVC\14.44.35112)
Detected supported platforms: Win64
Adding projects for all targets...
Skipping F:\UnrealEngine\UE_5.7\Engine\Intermediate\Build\BuildRules\UE5Rules.dll: File is installed
Skipping F:\UnrealEngine\UE_5.7\Engine\Intermediate\Build\BuildRules\UE5ProgramRules.dll: File is installed
Generating target Game for F:\RiderProjectsUnreal\SPM-2026\SPM-2026-whitebox\MyProject\Intermediate\ProjectFiles\MyProject.vcxproj
Generating target Editor for F:\RiderProjectsUnreal\SPM-2026\SPM-2026-whitebox\MyProject\Intermediate\ProjectFiles\MyProject.vcxproj
Generating target Editor for F:\RiderProjectsUnreal\SPM-2026\SPM-2026-whitebox\MyProject\Intermediate\ProjectFiles\UE5.vcxproj
Generating target Game for F:\RiderProjectsUnreal\SPM-2026\SPM-2026-whitebox\MyProject\Intermediate\ProjectFiles\UE5.vcxproj
Adding projects for all targets took 0.30s
Adding projects for all game projects took 0.00s
Adding shader source code...
Adding projects for all modules took 0.11s
Skipping any C# project files in "F:\UnrealEngine\UE_5.7\Engine\Platforms\VisionOS\Source\Programs" due to unsupported platform
Compiling Rules Assemblies
@progress 'Compiling Rules Assemblies' 0%
Found target: UnrealEditor
@progress 'Compiling Rules Assemblies' 50%
Found target: MyProjectEditor
@progress 'Compiling Rules Assemblies' 100%
Creating Build Targets
@progress 'Creating Build Targets' 0%
Building UnrealEditor - UnrealEditor - Win64 - Development
Building UnrealEditor - MyProjectEditor - Win64 - Development
Exception while creating build target for UnrealEditor: Unable to instantiate module 'SwarmInterface': Could not find NetFxSDK install dir; this will prevent SwarmInterface from installing.  Install a version of .NET Framework SDK at 4.6.0 or higher.
(referenced via Target -> Launch.Build.cs -> SessionServices.Build.cs -> Core.Build.cs -> Virtualization.Build.cs -> SourceControl.Build.cs -> RenderCore.Build.cs -> RHI.Build.cs -> D3D11RHI.Build.cs -> Engine.Build.cs -> AssetRegistry.Build.cs -> TargetPlatform.Build.cs -> TurnkeySupport.Build.cs -> LauncherServices.Build.cs -> TurnkeyIO.Build.cs -> ToolWidgets.Build.cs -> AppFramework.Build.cs -> SlateReflector.Build.cs -> PropertyEditor.Build.cs -> EditorConfig.Build.cs -> UnrealEd.Build.cs)
Exception while creating build target for MyProjectEditor: Unable to instantiate module 'SwarmInterface': Could not find NetFxSDK install dir; this will prevent SwarmInterface from installing.  Install a version of .NET Framework SDK at 4.6.0 or higher.
(referenced via Target -> Launch.Build.cs -> SessionServices.Build.cs -> Core.Build.cs -> Virtualization.Build.cs -> SourceControl.Build.cs -> RenderCore.Build.cs -> RHI.Build.cs -> D3D11RHI.Build.cs -> Engine.Build.cs -> AssetRegistry.Build.cs -> TargetPlatform.Build.cs -> TurnkeySupport.Build.cs -> LauncherServices.Build.cs -> TurnkeyIO.Build.cs -> ToolWidgets.Build.cs -> AppFramework.Build.cs -> SlateReflector.Build.cs -> PropertyEditor.Build.cs -> EditorConfig.Build.cs -> UnrealEd.Build.cs)
@progress 'Creating Build Targets' 50%
@progress 'Creating Build Targets' 100%
Creating Build Targets took 0.65s
Binding IntelliSense data...
@progress 'Binding IntelliSense data...' 0%
Binding IntelliSense data took 0.00s
Writing project files...
@progress 'Writing project files...' 0%
Skipped saving UE5.vcxproj because contents haven't changed.
Skipped saving UE5.vcxproj.filters because contents haven't changed.
@progress 'Writing project files...' 33%
Skipped saving MyProject.vcxproj because contents haven't changed.
Skipped saving MyProject.vcxproj.filters because contents haven't changed.
@progress 'Writing project files...' 67%
Skipped saving MyProject.sln because contents haven't changed.
Skipped saving .vsconfig because contents haven't changed.
@progress 'Writing project files...' 100%
Writing project files took 2.04s
Project generation complete (2 generated, 51 imported)

Generating QueryTargets data for editor...
Compiling Rules Assemblies
@progress 'Compiling Rules Assemblies' 0%
@progress 'Compiling Rules Assemblies' 50%
@progress 'Compiling Rules Assemblies' 100%
Writing Query Target Info
@progress 'Writing Query Target Info' 0%
@progress 'Writing Query Target Info' 50%
@progress 'Writing Query Target Info' 100%
Generating QueryTargets data for editor took 0.02s
WriteFileIfChanged() wrote 0 changed files of 6 requested writes.

Result: Succeeded
Total execution time: 4.35 seconds
